-------------------------------------------------------------------------------
Test set: com.fasterxml.jackson.module.jsonSchema.TestGenerateJsonSchema
-------------------------------------------------------------------------------
Tests run: 1, Failures: 1, Errors: 0, Skipped: 0, Time elapsed: 0.169 s <<< FAILURE! - in com.fasterxml.jackson.module.jsonSchema.TestGenerateJsonSchema
testSinglePropertyDependency(com.fasterxml.jackson.module.jsonSchema.TestGenerateJsonSchema)  Time elapsed: 0.166 s  <<< FAILURE!
junit.framework.AssertionFailedError
	at com.fasterxml.jackson.module.jsonSchema.TestGenerateJsonSchema.testSinglePropertyDependency(TestGenerateJsonSchema.java:305)

