<?xml version="1.0" encoding="UTF-8"?>
<testsuite xmlns:xsi="http://www.w3.org/2001/XMLSchema-instance" xsi:noNamespaceSchemaLocation="https://maven.apache.org/surefire/maven-surefire-plugin/xsd/surefire-test-report.xsd" name="com.fasterxml.jackson.module.jsonSchema.TestGenerateJsonSchema" time="0.18" tests="1" errors="0" skipped="0" failures="1">
  <properties>
[...]
</properties>
  <testcase name="testSchemaPropertyDependencies" classname="com.fasterxml.jackson.module.jsonSchema.TestGenerateJsonSchema" time="0.179">
    <failure message="expected:&lt;...Schema:SimpleBean&quot;,&quot;[dependencies&quot;:{&quot;property1&quot;:{&quot;id&quot;:&quot;urn:jsonschema:com:fasterxml:jackson:module:jsonSchema:TestGenerateJsonSchema:DependencySchema&quot;,&quot;properties&quot;:{&quot;property2&quot;:{&quot;type&quot;:&quot;string&quot;,&quot;required&quot;:true}}},&quot;property3&quot;:{&quot;id&quot;:&quot;urn:jsonschema:com:fasterxml:jackson:module:jsonSchema:TestGenerateJsonSchema:DependencySchema&quot;,&quot;properties&quot;:{&quot;property2&quot;:{&quot;type&quot;:&quot;string&quot;,&quot;required&quot;:true}}}},&quot;properties&quot;:{&quot;property1&quot;:{&quot;type&quot;:&quot;integer&quot;},&quot;property2&quot;:{&quot;type&quot;:&quot;string&quot;},&quot;property3&quot;:{&quot;type&quot;:&quot;array&quot;,&quot;items&quot;:{&quot;type&quot;:&quot;string&quot;}},&quot;property4&quot;:{&quot;type&quot;:&quot;array&quot;,&quot;items&quot;:{&quot;type&quot;:&quot;number&quot;}},&quot;property5&quot;:{&quot;type&quot;:&quot;string&quot;,&quot;required&quot;:true]}}}&gt; but was:&lt;...Schema:SimpleBean&quot;,&quot;[properties&quot;:{&quot;property1&quot;:{&quot;type&quot;:&quot;integer&quot;},&quot;property2&quot;:{&quot;type&quot;:&quot;string&quot;},&quot;property3&quot;:{&quot;type&quot;:&quot;array&quot;,&quot;items&quot;:{&quot;type&quot;:&quot;string&quot;}},&quot;property4&quot;:{&quot;type&quot;:&quot;array&quot;,&quot;items&quot;:{&quot;type&quot;:&quot;number&quot;}},&quot;property5&quot;:{&quot;type&quot;:&quot;string&quot;,&quot;required&quot;:true}},&quot;dependencies&quot;:{&quot;property1&quot;:{&quot;id&quot;:&quot;urn:jsonschema:com:fasterxml:jackson:module:jsonSchema:TestGenerateJsonSchema:DependencySchema&quot;,&quot;properties&quot;:{&quot;property2&quot;:{&quot;type&quot;:&quot;string&quot;,&quot;required&quot;:true}}},&quot;property3&quot;:{&quot;id&quot;:&quot;urn:jsonschema:com:fasterxml:jackson:module:jsonSchema:TestGenerateJsonSchema:DependencySchema&quot;,&quot;properties&quot;:{&quot;property2&quot;:{&quot;type&quot;:&quot;string&quot;,&quot;required&quot;:true}}]}}}&gt;" type="junit.framework.ComparisonFailure"><![CDATA[junit.framework.ComparisonFailure: expected:<...Schema:SimpleBean","[dependencies":{"property1":{"id":"urn:jsonschema:com:fasterxml:jackson:module:jsonSchema:TestGenerateJsonSchema:DependencySchema","properties":{"property2":{"type":"string","required":true}}},"property3":{"id":"urn:jsonschema:com:fasterxml:jackson:module:jsonSchema:TestGenerateJsonSchema:DependencySchema","properties":{"property2":{"type":"string","required":true}}}},"properties":{"property1":{"type":"integer"},"property2":{"type":"string"},"property3":{"type":"array","items":{"type":"string"}},"property4":{"type":"array","items":{"type":"number"}},"property5":{"type":"string","required":true]}}}> but was:<...Schema:SimpleBean","[properties":{"property1":{"type":"integer"},"property2":{"type":"string"},"property3":{"type":"array","items":{"type":"string"}},"property4":{"type":"array","items":{"type":"number"}},"property5":{"type":"string","required":true}},"dependencies":{"property1":{"id":"urn:jsonschema:com:fasterxml:jackson:module:jsonSchema:TestGenerateJsonSchema:DependencySchema","properties":{"property2":{"type":"string","required":true}}},"property3":{"id":"urn:jsonschema:com:fasterxml:jackson:module:jsonSchema:TestGenerateJsonSchema:DependencySchema","properties":{"property2":{"type":"string","required":true}}]}}}>
	at com.fasterxml.jackson.module.jsonSchema.TestGenerateJsonSchema.testSchemaPropertyDependencies(TestGenerateJsonSchema.java:368)
]]></failure>
  </testcase>
</testsuite>