-------------------------------------------------------------------------------
Test set: com.fasterxml.jackson.module.jsonSchema.TestUnwrapping
-------------------------------------------------------------------------------
Tests run: 1, Failures: 1, Errors: 0, Skipped: 0, Time elapsed: 0.12 s <<< FAILURE! - in com.fasterxml.jackson.module.jsonSchema.TestUnwrapping
testUnwrapping(com.fasterxml.jackson.module.jsonSchema.TestUnwrapping)  Time elapsed: 0.118 s  <<< FAILURE!
junit.framework.ComparisonFailure: expected:<...oot','properties':{'[age':{'type':'integer'},'name.first':{'type':'string'},'name.last':{'type':'string]'}}}> but was:<...oot','properties':{'[name.last':{'type':'string'},'name.first':{'type':'string'},'age':{'type':'integer]'}}}>
	at com.fasterxml.jackson.module.jsonSchema.TestUnwrapping.testUnwrapping(TestUnwrapping.java:39)

