-------------------------------------------------------------------------------
Test set: com.fasterxml.jackson.module.jsonSchema.TestUnwrapping
-------------------------------------------------------------------------------
Tests run: 1, Failures: 1, Errors: 0, Skipped: 0, Time elapsed: 0.115 s <<< FAILURE! - in com.fasterxml.jackson.module.jsonSchema.TestUnwrapping
testUnwrapping(com.fasterxml.jackson.module.jsonSchema.TestUnwrapping)  Time elapsed: 0.114 s  <<< FAILURE!
junit.framework.ComparisonFailure: expected:<...e':'integer'},'name.[first':{'type':'string'},'name.la]st':{'type':'string'...> but was:<...e':'integer'},'name.[last':{'type':'string'},'name.fir]st':{'type':'string'...>
	at com.fasterxml.jackson.module.jsonSchema.TestUnwrapping.testUnwrapping(TestUnwrapping.java:39)

